c:\users\miikasaa1\desktop\testi\m4tr1x\debug\vc120.pdb
c:\users\miikasaa1\desktop\testi\m4tr1x\debug\vc120.idb
c:\users\miikasaa1\desktop\testi\m4tr1x\debug\application.obj
c:\users\miikasaa1\desktop\testi\m4tr1x\debug\collision.obj
c:\users\miikasaa1\desktop\testi\m4tr1x\debug\elapsedtimer.obj
c:\users\miikasaa1\desktop\testi\m4tr1x\debug\game.obj
c:\users\miikasaa1\desktop\testi\m4tr1x\debug\graphicssystem.obj
c:\users\miikasaa1\desktop\testi\m4tr1x\debug\input.obj
c:\users\miikasaa1\desktop\testi\m4tr1x\debug\object.obj
c:\users\miikasaa1\desktop\testi\m4tr1x\debug\oglgraphicssystem.obj
c:\users\miikasaa1\desktop\testi\m4tr1x\debug\resource.obj
c:\users\miikasaa1\desktop\testi\m4tr1x\debug\resourcemanager.obj
c:\users\miikasaa1\desktop\testi\m4tr1x\debug\shader.obj
c:\users\miikasaa1\desktop\testi\m4tr1x\debug\source.obj
c:\users\miikasaa1\desktop\testi\m4tr1x\debug\text.obj
c:\users\miikasaa1\desktop\testi\m4tr1x\debug\texture2d.obj
c:\users\miikasaa1\desktop\testi\m4tr1x\debug\win32window.obj
c:\users\miikasaa1\desktop\testi\m4tr1x\debug\window.obj
c:\users\miikasaa1\desktop\testi\debug\m4tr1x.ilk
c:\users\miikasaa1\desktop\testi\debug\m4tr1x.exe
c:\users\miikasaa1\desktop\testi\debug\m4tr1x.pdb
c:\users\miikasaa1\desktop\testi\m4tr1x\debug\player.obj
c:\users\miikasaa1\desktop\testi\m4tr1x\debug\position.obj
c:\users\miikasaa1\desktop\testi\m4tr1x\debug\vc140.idb
c:\users\miikasaa1\desktop\testi\m4tr1x\debug\vc140.pdb
c:\users\miikasaa1\desktop\testi\m4tr1x\debug\m4tr1x.tlog\cl.command.1.tlog
c:\users\miikasaa1\desktop\testi\m4tr1x\debug\m4tr1x.tlog\cl.read.1.tlog
c:\users\miikasaa1\desktop\testi\m4tr1x\debug\m4tr1x.tlog\cl.write.1.tlog
c:\users\miikasaa1\desktop\testi\m4tr1x\debug\m4tr1x.tlog\link.command.1.tlog
c:\users\miikasaa1\desktop\testi\m4tr1x\debug\m4tr1x.tlog\link.read.1.tlog
c:\users\miikasaa1\desktop\testi\m4tr1x\debug\m4tr1x.tlog\link.write.1.tlog
